<?xml version="1.0" encoding="UTF-8"?>
<testsuite name="aptrue.backend.BackendApplicationTests" tests="1" skipped="0" failures="0" errors="0" timestamp="2024-10-24T07:12:11" hostname="DESKTOP-MMCQPV1" time="0.273">
  <properties/>
  <testcase name="contextLoads()" classname="aptrue.backend.BackendApplicationTests" time="0.273"/>
  <system-out><![CDATA[16:12:08.969 [Test worker] INFO org.springframework.test.context.support.AnnotationConfigContextLoaderUtils -- Could not detect default configuration classes for test class [aptrue.backend.BackendApplicationTests]: BackendApplicationTests does not declare any static, non-private, non-final, nested classes annotated with @Configuration.
16:12:09.023 [Test worker] INFO org.springframework.boot.test.context.SpringBootTestContextBootstrapper -- Found @SpringBootConfiguration aptrue.backend.BackendApplication for test class aptrue.backend.BackendApplicationTests

  .   ____          _            __ _ _
 /\\ / ___'_ __ _ _(_)_ __  __ _ \ \ \ \
( ( )\___ | '_ | '_| | '_ \/ _` | \ \ \ \
 \\/  ___)| |_)| | | | | || (_| |  ) ) ) )
  '  |____| .__|_| |_|_| |_\__, | / / / /
 =========|_|==============|___/=/_/_/_/

 :: Spring Boot ::                (v3.3.4)

2024-10-24T16:12:09.241+09:00  INFO 17500 --- [backend] [    Test worker] aptrue.backend.BackendApplicationTests   : Starting BackendApplicationTests using Java 21.0.5 with PID 17500 (started by SSAFY in C:\Users\SSAFY\Desktop\project\S11P31C101\backend)
2024-10-24T16:12:09.241+09:00  INFO 17500 --- [backend] [    Test worker] aptrue.backend.BackendApplicationTests   : No active profile set, falling back to 1 default profile: "default"
2024-10-24T16:12:09.655+09:00  INFO 17500 --- [backend] [    Test worker] .s.d.r.c.RepositoryConfigurationDelegate : Bootstrapping Spring Data JPA repositories in DEFAULT mode.
2024-10-24T16:12:09.693+09:00  INFO 17500 --- [backend] [    Test worker] .s.d.r.c.RepositoryConfigurationDelegate : Finished Spring Data repository scanning in 32 ms. Found 1 JPA repository interface.
2024-10-24T16:12:09.993+09:00  INFO 17500 --- [backend] [    Test worker] o.hibernate.jpa.internal.util.LogHelper  : HHH000204: Processing PersistenceUnitInfo [name: default]
2024-10-24T16:12:10.024+09:00  INFO 17500 --- [backend] [    Test worker] org.hibernate.Version                    : HHH000412: Hibernate ORM core version 6.5.3.Final
2024-10-24T16:12:10.056+09:00  INFO 17500 --- [backend] [    Test worker] o.h.c.internal.RegionFactoryInitiator    : HHH000026: Second-level cache disabled
2024-10-24T16:12:10.256+09:00  INFO 17500 --- [backend] [    Test worker] o.s.o.j.p.SpringPersistenceUnitInfo      : No LoadTimeWeaver setup: ignoring JPA class transformer
2024-10-24T16:12:10.272+09:00  INFO 17500 --- [backend] [    Test worker] com.zaxxer.hikari.HikariDataSource       : HikariPool-1 - Starting...
2024-10-24T16:12:10.388+09:00  INFO 17500 --- [backend] [    Test worker] com.zaxxer.hikari.pool.HikariPool        : HikariPool-1 - Added connection org.postgresql.jdbc.PgConnection@fee881
2024-10-24T16:12:10.388+09:00  INFO 17500 --- [backend] [    Test worker] com.zaxxer.hikari.HikariDataSource       : HikariPool-1 - Start completed.
2024-10-24T16:12:10.927+09:00  INFO 17500 --- [backend] [    Test worker] o.h.e.t.j.p.i.JtaPlatformInitiator       : HHH000489: No JTA platform available (set 'hibernate.transaction.jta.platform' to enable JTA platform integration)
2024-10-24T16:12:10.958+09:00  INFO 17500 --- [backend] [    Test worker] j.LocalContainerEntityManagerFactoryBean : Initialized JPA EntityManagerFactory for persistence unit 'default'
2024-10-24T16:12:11.335+09:00  WARN 17500 --- [backend] [    Test worker] JpaBaseConfiguration$JpaWebConfiguration : spring.jpa.open-in-view is enabled by default. Therefore, database queries may be performed during view rendering. Explicitly configure spring.jpa.open-in-view to disable this warning
2024-10-24T16:12:11.649+09:00  WARN 17500 --- [backend] [    Test worker] .s.s.UserDetailsServiceAutoConfiguration : 

Using generated security password: 5b9229e7-213a-4afa-82e0-0a897bab01c3

This generated password is for development use only. Your security configuration must be updated before running your application in production.

2024-10-24T16:12:11.656+09:00  INFO 17500 --- [backend] [    Test worker] r$InitializeUserDetailsManagerConfigurer : Global AuthenticationManager configured with UserDetailsService bean with name inMemoryUserDetailsManager
2024-10-24T16:12:11.764+09:00  INFO 17500 --- [backend] [    Test worker] aptrue.backend.BackendApplicationTests   : Started BackendApplicationTests in 2.657 seconds (process running for 3.33)
]]></system-out>
  <system-err><![CDATA[WARNING: A Java agent has been loaded dynamically (C:\Users\SSAFY\.gradle\caches\modules-2\files-2.1\net.bytebuddy\byte-buddy-agent\1.14.19\154da3a65b4f4a909d3e5bdec55d1b2b4cbb6ce1\byte-buddy-agent-1.14.19.jar)
WARNING: If a serviceability tool is in use, please run with -XX:+EnableDynamicAgentLoading to hide this warning
WARNING: If a serviceability tool is not in use, please run with -Djdk.instrument.traceUsage for more information
WARNING: Dynamic loading of agents will be disallowed by default in a future release
]]></system-err>
</testsuite>
